<?xml version="1.0" encoding="UTF-8"?>
<!-- Generated by org.testng.reporters.JUnitReportReporter -->
<testsuite skipped="0" hostname="C230Dcok" name="TestNG_Package.Using_Anotations" tests="4" failures="0" timestamp="20 Aug 2020 12:43:41 GMT" time="0.009" errors="0">
  <testcase name="For_Test1" time="0.003" classname="TestNG_Package.Using_Anotations"/>
  <testcase name="For_Test" time="0.001" classname="TestNG_Package.Using_Anotations"/>
  <testcase name="For_Test2" time="0.001" classname="TestNG_Package.Using_Anotations"/>
  <testcase name="For_Test3" time="0.004" classname="TestNG_Package.Using_Anotations"/>
</testsuite> <!-- TestNG_Package.Using_Anotations -->
