<?xml version="1.0" encoding="UTF-8"?>
<!-- Generated by org.testng.reporters.JUnitReportReporter -->
<testsuite skipped="0" hostname="C230Dcok" name="TestNG_Package.TestNG1" tests="1" failures="0" timestamp="02 Aug 2020 09:50:28 GMT" time="0.008" errors="0">
  <testcase name="test" time="0.008" classname="TestNG_Package.TestNG1"/>
</testsuite> <!-- TestNG_Package.TestNG1 -->
