<?xml version="1.0" encoding="UTF-8"?>
<!-- Generated by org.testng.reporters.JUnitReportReporter -->
<testsuite skipped="0" hostname="C230Dcok" name="TestNG_Package.Using_DependsOnMethod" tests="4" failures="0" timestamp="20 Aug 2020 12:51:35 GMT" time="0.007" errors="0">
  <testcase name="Login" time="0.006" classname="TestNG_Package.Using_DependsOnMethod"/>
  <testcase name="Search1" time="0.001" classname="TestNG_Package.Using_DependsOnMethod"/>
  <testcase name="Search2" time="0.000" classname="TestNG_Package.Using_DependsOnMethod"/>
  <testcase name="Search" time="0.000" classname="TestNG_Package.Using_DependsOnMethod"/>
</testsuite> <!-- TestNG_Package.Using_DependsOnMethod -->
