<?xml version="1.0" encoding="UTF-8"?>
<!-- Generated by org.testng.reporters.JUnitReportReporter -->
<testsuite skipped="0" hostname="C230Dcok" name="TestNG_Package.Using_Assertions" tests="1" failures="0" timestamp="20 Aug 2020 12:49:29 GMT" time="11.561" errors="0">
  <testcase name="OpenBrowser" time="11.561" classname="TestNG_Package.Using_Assertions"/>
</testsuite> <!-- TestNG_Package.Using_Assertions -->
