<?xml version="1.0" encoding="UTF-8"?>
<!-- Generated by org.testng.reporters.JUnitReportReporter -->
<testsuite skipped="0" hostname="C230Dcok" name="TestNG_Package.NewTest" tests="1" failures="0" timestamp="02 Aug 2020 13:45:56 GMT" time="0.008" errors="0">
  <testcase name="f" time="0.008" classname="TestNG_Package.NewTest"/>
</testsuite> <!-- TestNG_Package.NewTest -->
