<?xml version="1.0" encoding="UTF-8"?>
<!-- Generated by org.testng.reporters.JUnitReportReporter -->
<testsuite skipped="0" hostname="C230Dcok" name="TestNG_Package.Using_invocationCount" tests="2" failures="0" timestamp="03 Feb 2021 12:11:24 GMT" time="0.007" errors="0">
  <testcase name="test1" time="0.006" classname="TestNG_Package.Using_invocationCount"/>
  <testcase name="test2" time="0.001" classname="TestNG_Package.Using_invocationCount"/>
</testsuite> <!-- TestNG_Package.Using_invocationCount -->
